\BOOKMARK [2][]{Outline0.1}{\376\377\000L\000e\000c\000t\000u\000r\000e\000\040\0000\0000\000\040\000M\000o\000t\000i\000v\000a\000t\000i\000o\000n\000.\000p\000d\000f}{}% 1
\BOOKMARK [2][]{Outline0.2}{\376\377\000L\000e\000c\000t\000u\000r\000e\000\040\0000\0001\000\040\000N\000a\000t\000u\000r\000a\000l\000\040\000D\000e\000d\000u\000c\000t\000i\000o\000n\000\040\0001\000.\000p\000d\000f}{}% 2
\BOOKMARK [2][]{Outline0.3}{\376\377\000L\000e\000c\000t\000u\000r\000e\000\040\0000\0002\000\040\000N\000a\000t\000u\000r\000a\000l\000\040\000D\000e\000d\000u\000c\000t\000i\000o\000n\000\040\0002\000.\000p\000d\000f}{}% 3
\BOOKMARK [2][]{Outline0.4}{\376\377\000L\000e\000c\000t\000u\000r\000e\000\040\0000\0003\000\040\000S\000o\000u\000n\000d\000n\000e\000s\000s\000\040\000a\000n\000d\000\040\000C\000o\000m\000p\000l\000e\000t\000e\000n\000e\000s\000s\000\040\000O\000f\000\040\000P\000L\000.\000p\000d\000f}{}% 4
\BOOKMARK [2][]{Outline0.5}{\376\377\000L\000e\000c\000t\000u\000r\000e\000\040\0000\0004\000\040\000N\000o\000r\000m\000a\000l\000\040\000F\000o\000r\000m\000s\000\040\000a\000n\000d\000\040\000H\000o\000r\000n\000\040\000C\000l\000a\000u\000s\000e\000s\000.\000p\000d\000f}{}% 5
\BOOKMARK [2][]{Outline0.6}{\376\377\000L\000e\000c\000t\000u\000r\000e\000\040\0000\0005\000\040\000R\000e\000s\000o\000l\000u\000t\000i\000o\000n\000\040\0001\000.\000p\000d\000f}{}% 6
\BOOKMARK [2][]{Outline0.7}{\376\377\000L\000e\000c\000t\000u\000r\000e\000\040\0000\0006\000\040\000R\000e\000s\000o\000l\000u\000t\000i\000o\000n\000\040\0002\000.\000p\000d\000f}{}% 7
\BOOKMARK [2][]{Outline0.8}{\376\377\000L\000e\000c\000t\000u\000r\000e\000\040\0000\0007\000\040\000R\000e\000c\000a\000p\000.\000p\000d\000f}{}% 8
\BOOKMARK [2][]{Outline0.9}{\376\377\000L\000e\000c\000t\000u\000r\000e\000\040\0000\0008\000\040\000C\000N\000F\000\040\000t\000o\000\040\000D\000N\000F\000.\000p\000d\000f}{}% 9
\BOOKMARK [2][]{Outline0.10}{\376\377\000L\000e\000c\000t\000u\000r\000e\000\040\0000\0009\000\040\000D\000P\000L\000L\000.\000p\000d\000f}{}% 10
\BOOKMARK [2][]{Outline0.11}{\376\377\000L\000e\000c\000t\000u\000r\000e\000\040\0001\0000\000\040\000F\000O\000L\000\040\000S\000y\000n\000t\000a\000x\000.\000p\000d\000f}{}% 11
\BOOKMARK [2][]{Outline0.12}{\376\377\000L\000e\000c\000t\000u\000r\000e\000\040\0001\0001\000\040\000F\000O\000L\000\040\000S\000e\000m\000a\000n\000t\000i\000c\000s\000.\000p\000d\000f}{}% 12
\BOOKMARK [2][]{Outline0.13}{\376\377\000L\000e\000c\000t\000u\000r\000e\000\040\0001\0002\000\040\000F\000O\000L\000\040\000S\000A\000T\000.\000p\000d\000f}{}% 13
\BOOKMARK [2][]{Outline0.14}{\376\377\000L\000e\000c\000t\000u\000r\000e\000\040\0001\0003\000\040\000F\000O\000L\000\040\000S\000A\000T\000\040\000T\000r\000a\000n\000s\000l\000a\000t\000i\000o\000n\000.\000p\000d\000f}{}% 14
\BOOKMARK [2][]{Outline0.15}{\376\377\000L\000e\000c\000t\000u\000r\000e\000\040\0001\0004\000\040\000F\000O\000L\000\040\000R\000P\000F\000\040\000S\000k\000o\000l\000e\000m\000i\000s\000a\000t\000i\000o\000n\000.\000p\000d\000f}{}% 15
\BOOKMARK [2][]{Outline0.16}{\376\377\000L\000e\000c\000t\000u\000r\000e\000\040\0001\0005\000\040\000F\000O\000L\000\040\000W\000o\000r\000d\000s\000.\000p\000d\000f}{}% 16
\BOOKMARK [2][]{Outline0.17}{\376\377\000L\000e\000c\000t\000u\000r\000e\000\040\0001\0006\000\040\000F\000O\000L\000\040\000F\000S\000M\000\040\0000\0001\000.\000p\000d\000f}{}% 17
\BOOKMARK [2][]{Outline0.18}{\376\377\000L\000e\000c\000t\000u\000r\000e\000\040\0001\0007\000\040\000F\000O\000L\000\040\000F\000S\000M\000\040\0000\0002\000.\000p\000d\000f}{}% 18
\BOOKMARK [2][]{Outline0.19}{\376\377\000L\000e\000c\000t\000u\000r\000e\000\040\0001\0008\000\040\000F\000O\000L\000\040\000N\000F\000A\000.\000p\000d\000f}{}% 19
\BOOKMARK [2][]{Outline0.20}{\376\377\000L\000e\000c\000t\000u\000r\000e\000\040\0001\0009\000\040\000F\000O\000L\000\040\000N\000F\000A\000\040\000t\000o\000\040\000D\000F\000A\000\040\0001\000.\000p\000d\000f}{}% 20
\BOOKMARK [2][]{Outline0.21}{\376\377\000L\000e\000c\000t\000u\000r\000e\000\040\0002\0000\000\040\000F\000O\000L\000\040\000N\000F\000A\000\040\000t\000o\000\040\000D\000F\000A\000\040\0002\000.\000p\000d\000f}{}% 21
\BOOKMARK [2][]{Outline0.22}{\376\377\000L\000e\000c\000t\000u\000r\000e\000\040\0002\0001\000\040\000F\000O\000L\000\040\000N\000F\000A\000\040\000t\000o\000\040\000D\000F\000A\000\040\0003\000.\000p\000d\000f}{}% 22
\BOOKMARK [2][]{Outline0.23}{\376\377\000L\000e\000c\000t\000u\000r\000e\000\040\0002\0002\000\040\000M\000S\000O\000.\000p\000d\000f}{}% 23
\BOOKMARK [2][]{Outline0.24}{\376\377\000L\000e\000c\000t\000u\000r\000e\000\040\0002\0003\000\040\000M\000S\000O\000\040\000R\000e\000g\000u\000l\000a\000r\000\040\000L\000a\000n\000g\000u\000a\000g\000e\000s\000.\000p\000d\000f}{}% 24
\BOOKMARK [2][]{Outline0.25}{\376\377\000L\000e\000c\000t\000u\000r\000e\000\040\0002\0004\000\040\000H\000e\000r\000b\000r\000a\000n\000d\000\040\000T\000h\000e\000o\000r\000y\000.\000p\000d\000f}{}% 25
\BOOKMARK [2][]{Outline0.26}{\376\377\000L\000e\000c\000t\000u\000r\000e\000\040\0002\0005\000\040\000H\000e\000r\000b\000r\000a\000n\000d\000\040\000T\000h\000e\000o\000r\000e\000m\000.\000p\000d\000f}{}% 26
\BOOKMARK [2][]{Outline0.27}{\376\377\000L\000e\000c\000t\000u\000r\000e\000\040\0002\0006\000\040\000H\000e\000r\000b\000r\000a\000n\000d\000\040\000M\000e\000t\000h\000o\000d\000.\000p\000d\000f}{}% 27
\BOOKMARK [2][]{Outline0.28}{\376\377\000L\000e\000c\000t\000u\000r\000e\000\040\0002\0007\000-\0002\0009\000\040\000L\000T\000L\000\040\000T\000r\000a\000n\000s\000i\000t\000i\000o\000n\000s\000\040\000D\000B\000A\000\040\000a\000n\000d\000\040\000N\000B\000A\000.\000p\000d\000f}{}% 28
\BOOKMARK [2][]{Outline0.29}{\376\377\000L\000e\000c\000t\000u\000r\000e\000\040\0002\0007\000\040\000M\000o\000d\000e\000l\000\040\000C\000h\000e\000c\000k\000i\000n\000g\000\040\000L\000T\000L\000.\000p\000d\000f}{}% 29
\BOOKMARK [2][]{Outline0.30}{\376\377\000L\000e\000c\000t\000u\000r\000e\000\040\0002\0008\000-\0002\0009\000\040\000L\000T\000L\000.\000p\000d\000f}{}% 30
\BOOKMARK [2][]{Outline0.31}{\376\377\000L\000e\000c\000t\000u\000r\000e\000\040\0003\0000\000.\000p\000d\000f}{}% 31
\BOOKMARK [2][]{Outline0.32}{\376\377\000L\000e\000c\000t\000u\000r\000e\000\040\0003\0001\000.\000p\000d\000f}{}% 32
\BOOKMARK [2][]{Outline0.33}{\376\377\000L\000e\000c\000t\000u\000r\000e\000\040\0003\0002\000-\0003\0004\000.\000p\000d\000f}{}% 33
\BOOKMARK [2][]{Outline0.34}{\376\377\000L\000e\000c\000t\000u\000r\000e\000\040\0003\0006\000.\000p\000d\000f}{}% 34
